[debug] [2022-02-20T16:26:01.802Z] ----------------------------------------------------------------------
[debug] [2022-02-20T16:26:01.804Z] Command:       C:\Program Files\nodejs\node.exe C:\Users\Rifan\AppData\Roaming\npm\node_modules\firebase-tools\lib\bin\firebase.js init
[debug] [2022-02-20T16:26:01.805Z] CLI Version:   10.1.5
[debug] [2022-02-20T16:26:01.805Z] Platform:      win32
[debug] [2022-02-20T16:26:01.805Z] Node Version:  v16.13.1
[debug] [2022-02-20T16:26:01.806Z] Time:          Sun Feb 20 2022 21:56:01 GMT+0530 (India Standard Time)
[debug] [2022-02-20T16:26:01.806Z] ----------------------------------------------------------------------
[debug] 
[debug] [2022-02-20T16:26:01.810Z] >>> [apiv2][query] GET https://firebase-public.firebaseio.com/cli.json [none]
[debug] [2022-02-20T16:26:01.837Z] > command requires scopes: ["email","openid","https://www.googleapis.com/auth/cloudplatformprojects.readonly","https://www.googleapis.com/auth/firebase","https://www.googleapis.com/auth/cloud-platform"]
[debug] [2022-02-20T16:26:01.837Z] > authorizing via signed-in user (rifanna70@gmail.com)
[info] 
     ######## #### ########  ######## ########     ###     ######  ########
     ##        ##  ##     ## ##       ##     ##  ##   ##  ##       ##
     ######    ##  ########  ######   ########  #########  ######  ######
     ##        ##  ##    ##  ##       ##     ## ##     ##       ## ##
     ##       #### ##     ## ######## ########  ##     ##  ######  ########

You're about to initialize a Firebase project in this directory:

  C:\Users\Rifan\projects\wheres-waldo

[debug] [2022-02-20T16:26:03.877Z] <<< [apiv2][status] GET https://firebase-public.firebaseio.com/cli.json 200
[debug] [2022-02-20T16:26:03.880Z] <<< [apiv2][body] GET https://firebase-public.firebaseio.com/cli.json {"cloudBuildErrorAfter":1594252800000,"cloudBuildWarnAfter":1590019200000,"defaultNode10After":1594252800000,"minVersion":"3.0.5","node8DeploysDisabledAfter":1613390400000,"node8RuntimeDisabledAfter":1615809600000,"node8WarnAfter":1600128000000}
